0 info it worked if it ends with ok
1 verbose cli [ 'c:\\Program Files\\nodejs\\node.exe',
1 verbose cli   'c:\\Program Files\\nodejs\\node_modules\\npm\\bin\\npm-cli.js',
1 verbose cli   'install',
1 verbose cli   'grunt',
1 verbose cli   '—save-dev' ]
2 info using npm@1.4.28
3 info using node@v0.10.36
4 warn package.json task3angularjs@0.0.0 No description
5 warn package.json task3angularjs@0.0.0 No repository field.
6 warn package.json task3angularjs@0.0.0 No README data
7 verbose readDependencies using package.json deps
8 verbose cache add [ 'grunt', null ]
9 verbose cache add name=undefined spec="grunt" args=["grunt",null]
10 verbose parsed url { protocol: null,
10 verbose parsed url   slashes: null,
10 verbose parsed url   auth: null,
10 verbose parsed url   host: null,
10 verbose parsed url   port: null,
10 verbose parsed url   hostname: null,
10 verbose parsed url   hash: null,
10 verbose parsed url   search: null,
10 verbose parsed url   query: null,
10 verbose parsed url   pathname: 'grunt',
10 verbose parsed url   path: 'grunt',
10 verbose parsed url   href: 'grunt' }
11 verbose cache add [ '—save-dev', null ]
12 verbose cache add name=undefined spec="—save-dev" args=["—save-dev",null]
13 verbose parsed url { protocol: null,
13 verbose parsed url   slashes: null,
13 verbose parsed url   auth: null,
13 verbose parsed url   host: null,
13 verbose parsed url   port: null,
13 verbose parsed url   hostname: null,
13 verbose parsed url   hash: null,
13 verbose parsed url   search: null,
13 verbose parsed url   query: null,
13 verbose parsed url   pathname: '—save-dev',
13 verbose parsed url   path: '—save-dev',
13 verbose parsed url   href: '—save-dev' }
14 silly lockFile 20ff3fd8-grunt grunt
15 verbose lock grunt C:\Users\Pavel\AppData\Roaming\npm-cache\20ff3fd8-grunt.lock
16 silly lockFile aef4ff72-save-dev —save-dev
17 verbose lock —save-dev C:\Users\Pavel\AppData\Roaming\npm-cache\aef4ff72-save-dev.lock
18 silly lockFile 20ff3fd8-grunt grunt
19 silly lockFile 20ff3fd8-grunt grunt
20 silly lockFile aef4ff72-save-dev —save-dev
21 silly lockFile aef4ff72-save-dev —save-dev
22 verbose addNamed [ 'grunt', '' ]
23 verbose addNamed [ null, '*' ]
24 silly lockFile 55f1ff24-grunt grunt@
25 verbose lock grunt@ C:\Users\Pavel\AppData\Roaming\npm-cache\55f1ff24-grunt.lock
26 verbose addNamed [ '—save-dev', '' ]
27 verbose addNamed [ null, '*' ]
28 silly lockFile 3c95c2cd-save-dev —save-dev@
29 verbose lock —save-dev@ C:\Users\Pavel\AppData\Roaming\npm-cache\3c95c2cd-save-dev.lock
30 silly addNameRange { name: 'grunt', range: '*', hasData: false }
31 silly addNameRange { name: '—save-dev', range: '*', hasData: false }
32 verbose request where is /—save-dev
33 verbose request registry https://registry.npmjs.org/
34 verbose request id 998f8652b962ba6a
35 verbose url raw /—save-dev
36 verbose url resolving [ 'https://registry.npmjs.org/', './%E2%80%94save-dev' ]
37 verbose url resolved https://registry.npmjs.org/%E2%80%94save-dev
38 verbose request where is https://registry.npmjs.org/%E2%80%94save-dev
39 info trying registry request attempt 1 at 00:44:02
40 http GET https://registry.npmjs.org/%E2%80%94save-dev
41 verbose request where is /grunt
42 verbose request registry https://registry.npmjs.org/
43 verbose url raw /grunt
44 verbose url resolving [ 'https://registry.npmjs.org/', './grunt' ]
45 verbose url resolved https://registry.npmjs.org/grunt
46 verbose request where is https://registry.npmjs.org/grunt
47 info trying registry request attempt 1 at 00:44:02
48 verbose etag "53I5XM96N5D162IMOV5U17OP4"
49 http GET https://registry.npmjs.org/grunt
50 http 304 https://registry.npmjs.org/grunt
51 silly registry.get cb [ 304,
51 silly registry.get   { date: 'Wed, 28 Jan 2015 21:44:09 GMT',
51 silly registry.get     server: 'Apache',
51 silly registry.get     via: '1.1 varnish',
51 silly registry.get     'last-modified': 'Wed, 28 Jan 2015 21:44:09 GMT',
51 silly registry.get     'cache-control': 'max-age=60',
51 silly registry.get     etag: '"53I5XM96N5D162IMOV5U17OP4"',
51 silly registry.get     age: '18',
51 silly registry.get     'x-served-by': 'cache-fra1228-FRA',
51 silly registry.get     'x-cache': 'HIT',
51 silly registry.get     'x-cache-hits': '1',
51 silly registry.get     'x-timer': 'S1422481449.086710,VS0,VE0',
51 silly registry.get     vary: 'Accept',
51 silly registry.get     'content-length': '0',
51 silly registry.get     'keep-alive': 'timeout=10, max=50',
51 silly registry.get     connection: 'Keep-Alive' } ]
52 verbose etag https://registry.npmjs.org/grunt from cache
53 silly addNameRange number 2 { name: 'grunt', range: '*', hasData: true }
54 silly addNameRange versions [ 'grunt',
54 silly addNameRange   [ '0.1.0',
54 silly addNameRange     '0.1.1',
54 silly addNameRange     '0.1.2',
54 silly addNameRange     '0.2.0',
54 silly addNameRange     '0.2.1',
54 silly addNameRange     '0.2.2',
54 silly addNameRange     '0.2.3',
54 silly addNameRange     '0.2.4',
54 silly addNameRange     '0.2.5',
54 silly addNameRange     '0.2.6',
54 silly addNameRange     '0.2.7',
54 silly addNameRange     '0.2.8',
54 silly addNameRange     '0.2.9',
54 silly addNameRange     '0.2.10',
54 silly addNameRange     '0.2.11',
54 silly addNameRange     '0.2.12',
54 silly addNameRange     '0.2.13',
54 silly addNameRange     '0.2.14',
54 silly addNameRange     '0.2.15',
54 silly addNameRange     '0.3.0',
54 silly addNameRange     '0.3.1',
54 silly addNameRange     '0.3.2',
54 silly addNameRange     '0.3.3',
54 silly addNameRange     '0.3.4',
54 silly addNameRange     '0.3.5',
54 silly addNameRange     '0.3.6',
54 silly addNameRange     '0.3.7',
54 silly addNameRange     '0.3.8',
54 silly addNameRange     '0.3.9',
54 silly addNameRange     '0.3.10',
54 silly addNameRange     '0.3.11',
54 silly addNameRange     '0.3.12',
54 silly addNameRange     '0.3.13',
54 silly addNameRange     '0.3.14',
54 silly addNameRange     '0.3.15',
54 silly addNameRange     '0.3.16',
54 silly addNameRange     '0.3.17',
54 silly addNameRange     '0.4.0',
54 silly addNameRange     '0.4.1',
54 silly addNameRange     '0.4.2',
54 silly addNameRange     '0.4.3',
54 silly addNameRange     '0.4.4',
54 silly addNameRange     '0.4.5',
54 silly addNameRange     '0.3.13-a',
54 silly addNameRange     '0.4.0-a',
54 silly addNameRange     '0.4.0-rc1',
54 silly addNameRange     '0.4.0-rc2',
54 silly addNameRange     '0.4.0-rc3',
54 silly addNameRange     '0.4.0-rc4',
54 silly addNameRange     '0.4.0-rc5',
54 silly addNameRange     '0.4.0-rc6',
54 silly addNameRange     '0.4.0-rc7',
54 silly addNameRange     '0.4.0-rc8' ] ]
55 verbose addNamed [ 'grunt', '0.4.5' ]
56 verbose addNamed [ '0.4.5', '0.4.5' ]
57 silly lockFile 81abf7ad-grunt-0-4-5 grunt@0.4.5
58 verbose lock grunt@0.4.5 C:\Users\Pavel\AppData\Roaming\npm-cache\81abf7ad-grunt-0-4-5.lock
59 silly lockFile 81abf7ad-grunt-0-4-5 grunt@0.4.5
60 silly lockFile 81abf7ad-grunt-0-4-5 grunt@0.4.5
61 silly lockFile 55f1ff24-grunt grunt@
62 silly lockFile 55f1ff24-grunt grunt@
63 http 404 https://registry.npmjs.org/%E2%80%94save-dev
64 verbose headers { date: 'Wed, 28 Jan 2015 21:44:09 GMT',
64 verbose headers   server: 'CouchDB/1.5.0 (Erlang OTP/R16B03)',
64 verbose headers   'content-type': 'application/json',
64 verbose headers   'cache-control': 'max-age=0',
64 verbose headers   'content-length': '52',
64 verbose headers   'accept-ranges': 'bytes',
64 verbose headers   via: '1.1 varnish',
64 verbose headers   age: '0',
64 verbose headers   'x-served-by': 'cache-fra1234-FRA',
64 verbose headers   'x-cache': 'MISS',
64 verbose headers   'x-cache-hits': '0',
64 verbose headers   'x-timer': 'S1422481449.083231,VS0,VE420',
64 verbose headers   'keep-alive': 'timeout=10, max=50',
64 verbose headers   connection: 'Keep-Alive' }
65 silly registry.get cb [ 404,
65 silly registry.get   { date: 'Wed, 28 Jan 2015 21:44:09 GMT',
65 silly registry.get     server: 'CouchDB/1.5.0 (Erlang OTP/R16B03)',
65 silly registry.get     'content-type': 'application/json',
65 silly registry.get     'cache-control': 'max-age=0',
65 silly registry.get     'content-length': '52',
65 silly registry.get     'accept-ranges': 'bytes',
65 silly registry.get     via: '1.1 varnish',
65 silly registry.get     age: '0',
65 silly registry.get     'x-served-by': 'cache-fra1234-FRA',
65 silly registry.get     'x-cache': 'MISS',
65 silly registry.get     'x-cache-hits': '0',
65 silly registry.get     'x-timer': 'S1422481449.083231,VS0,VE420',
65 silly registry.get     'keep-alive': 'timeout=10, max=50',
65 silly registry.get     connection: 'Keep-Alive' } ]
66 silly lockFile 3c95c2cd-save-dev —save-dev@
67 silly lockFile 3c95c2cd-save-dev —save-dev@
68 error 404 404 Not Found: %E2%80%94save-dev
68 error 404
68 error 404 '%E2%80%94save-dev' is not in the npm registry.
68 error 404 You should bug the author to publish it
68 error 404 It was specified as a dependency of 'task3angularjs'
68 error 404
68 error 404 Note that you can also install from a
68 error 404 tarball, folder, or http url, or git url.
69 error System Windows_NT 6.1.7601
70 error command "c:\\Program Files\\nodejs\\node.exe" "c:\\Program Files\\nodejs\\node_modules\\npm\\bin\\npm-cli.js" "install" "grunt" "—save-dev"
71 error cwd d:\Forte_projects\new tasks\task3_AngularJS
72 error node -v v0.10.36
73 error npm -v 1.4.28
74 error code E404
75 verbose exit [ 1, true ]
